<?xml version="1.0" encoding="UTF-8"?>
<!-- Generated by org.testng.reporters.JUnitXMLReporter -->
<testsuite hostname="DESKTOP-NRJLUV5" failures="3" tests="19" name="Test1" time="16.234" errors="0" timestamp="31 Jul 2019 19:41:30 GMT">
  <testcase classname="Exdp.exdptest" name="Staticdropdown1" time="0.694"/>
  <testcase classname="Exdp.exdptest" name="Textinput" time="0.746"/>
  <testcase classname="Exdp.exdptest" name="checkqant" time="0.362"/>
  <testcase classname="Exdp.exdptest" name="CheckpriceField" time="0.383"/>
  <testcase classname="Exdp.exdptest" name="checkstopprice" time="0.528"/>
  <testcase classname="Exdp.exdptest" name="dynamicdropdown" time="0.367"/>
  <testcase classname="Exdp.exdptest" name="dynadropdowm" time="0.289"/>
  <testcase classname="Exdp.exdptest" name="comm" time="0.622"/>
  <testcase classname="Exdp.exdptest" name="button" time="0.184"/>
  <testcase classname="Exdp.exdptest" name="tabledata" time="2.055"/>
  <testcase classname="Exdp.second" name="seconddropdown1" time="0.293"/>
  <testcase classname="Exdp.second" name="secondTextinput" time="0.49"/>
  <testcase classname="Exdp.second" name="seconddydropdown" time="0.298"/>
  <testcase classname="Exdp.second" name="seconddynadropdowm" time="0.398"/>
  <testcase classname="Exdp.second" name="secondCheckpriceField" time="0.005">
    <failure type="java.lang.Error" message="Unresolved compilation problem: 
	The method AssertDecimal(float) is undefined for the type second
">
      <![CDATA[java.lang.Error: Unresolved compilation problem: 
	The method AssertDecimal(float) is undefined for the type second

	at Exdp.second.secondCheckpriceField(second.java:69)
... Removed 24 stack frames]]>
    </failure>
  </testcase> <!-- secondCheckpriceField -->
  <testcase classname="Exdp.second" name="secondcheckstopprice" time="0.001">
    <failure type="java.lang.Error" message="Unresolved compilation problem: 
	The method AssertDecimal(float) is undefined for the type second
">
      <![CDATA[java.lang.Error: Unresolved compilation problem: 
	The method AssertDecimal(float) is undefined for the type second

	at Exdp.second.secondcheckstopprice(second.java:79)
... Removed 24 stack frames]]>
    </failure>
  </testcase> <!-- secondcheckstopprice -->
  <testcase classname="Exdp.second" name="secondcheckqant" time="0.0">
    <failure type="java.lang.Error" message="Unresolved compilation problem: 
	The method AssertThan(int) is undefined for the type second
">
      <![CDATA[java.lang.Error: Unresolved compilation problem: 
	The method AssertThan(int) is undefined for the type second

	at Exdp.second.secondcheckqant(second.java:90)
... Removed 24 stack frames]]>
    </failure>
  </testcase> <!-- secondcheckqant -->
  <testcase classname="Exdp.second" name="secondcomm" time="0.602"/>
  <testcase classname="Exdp.second" name="secondbutton" time="0.072"/>
</testsuite> <!-- Test1 -->
