<html>
<head>
<title>TestNG:  Test</title>
<link href="../testng.css" rel="stylesheet" type="text/css" />
<link href="../my-testng.css" rel="stylesheet" type="text/css" />

<style type="text/css">
.log { display: none;} 
.stack-trace { display: none;} 
</style>
<script type="text/javascript">
<!--
function flip(e) {
  current = e.style.display;
  if (current == 'block') {
    e.style.display = 'none';
    return 0;
  }
  else {
    e.style.display = 'block';
    return 1;
  }
}

function toggleBox(szDivId, elem, msg1, msg2)
{
  var res = -1;  if (document.getElementById) {
    res = flip(document.getElementById(szDivId));
  }
  else if (document.all) {
    // this is the way old msie versions work
    res = flip(document.all[szDivId]);
  }
  if(elem) {
    if(res == 0) elem.innerHTML = msg1; else elem.innerHTML = msg2;
  }

}

function toggleAllBoxes() {
  if (document.getElementsByTagName) {
    d = document.getElementsByTagName('div');
    for (i = 0; i < d.length; i++) {
      if (d[i].className == 'log') {
        flip(d[i]);
      }
    }
  }
}

// -->
</script>

</head>
<body>
<h2 align='center'>Test</h2><table border='1' align="center">
<tr>
<td>Tests passed/Failed/Skipped:</td><td>11/0/1</td>
</tr><tr>
<td>Started on:</td><td>Fri Nov 29 11:24:13 EST 2019</td>
</tr>
<tr><td>Total time:</td><td>103 seconds (103746 ms)</td>
</tr><tr>
<td>Included groups:</td><td></td>
</tr><tr>
<td>Excluded groups:</td><td></td>
</tr>
</table><p/>
<small><i>(Hover the method name to see the test class name)</i></small><p/>
<table width='100%' border='1' class='invocation-passed'>
<tr><td colspan='4' align='center'><b>PASSED TESTS</b></td></tr>
<tr><td><b>Test method</b></td>
<td width="30%"><b>Exception</b></td>
<td width="10%"><b>Time (seconds)</b></td>
<td><b>Instance</b></td>
</tr>
<tr>
<td title='com.qa.testcases.HomePageTest.CheckSearchFieldTest()'><b>CheckSearchFieldTest</b><br>Test class: com.qa.testcases.HomePageTest</td>
<td></td>
<td>0</td>
<td>com.qa.testcases.HomePageTest@3c3d9b6b</td></tr>
<tr>
<td title='com.qa.testcases.LoginPageTest.CheckTitleOfLoginPageTest()'><b>CheckTitleOfLoginPageTest</b><br>Test class: com.qa.testcases.LoginPageTest</td>
<td></td>
<td>0</td>
<td>com.qa.testcases.LoginPageTest@13b6aecc</td></tr>
<tr>
<td title='com.qa.testcases.MainPageTest.CheckTitleOfMainPageTest()'><b>CheckTitleOfMainPageTest</b><br>Test class: com.qa.testcases.MainPageTest</td>
<td></td>
<td>0</td>
<td>com.qa.testcases.MainPageTest@158a8276</td></tr>
<tr>
<td title='com.qa.testcases.HomePageTest.CheckUsernameLableTest()'><b>CheckUsernameLableTest</b><br>Test class: com.qa.testcases.HomePageTest</td>
<td></td>
<td>0</td>
<td>com.qa.testcases.HomePageTest@3c3d9b6b</td></tr>
<tr>
<td title='com.qa.testcases.ContactsPageTest.ClickOnContactNewBtnTest()'><b>ClickOnContactNewBtnTest</b><br>Test class: com.qa.testcases.ContactsPageTest</td>
<td></td>
<td>0</td>
<td>com.qa.testcases.ContactsPageTest@7d8704ef</td></tr>
<tr>
<td title='com.qa.testcases.HomePageTest.ClickOnContactsTest()'><b>ClickOnContactsTest</b><br>Test class: com.qa.testcases.HomePageTest</td>
<td></td>
<td>1</td>
<td>com.qa.testcases.HomePageTest@3c3d9b6b</td></tr>
<tr>
<td title='com.qa.testcases.HomePageTest.ClickOnDeatsTest()'><b>ClickOnDeatsTest</b><br>Test class: com.qa.testcases.HomePageTest</td>
<td></td>
<td>0</td>
<td>com.qa.testcases.HomePageTest@3c3d9b6b</td></tr>
<tr>
<td title='com.qa.testcases.LoginPageTest.ClickOnLoginBtnTest()'><b>ClickOnLoginBtnTest</b><br>Test class: com.qa.testcases.LoginPageTest</td>
<td></td>
<td>0</td>
<td>com.qa.testcases.LoginPageTest@13b6aecc</td></tr>
<tr>
<td title='com.qa.testcases.ContactsPageTest.VerifyContactsPageLableTest()'><b>VerifyContactsPageLableTest</b><br>Test class: com.qa.testcases.ContactsPageTest</td>
<td></td>
<td>0</td>
<td>com.qa.testcases.ContactsPageTest@7d8704ef</td></tr>
<tr>
<td title='com.qa.testcases.MainPageTest.VerifyLoginButtonTest()'><b>VerifyLoginButtonTest</b><br>Test class: com.qa.testcases.MainPageTest</td>
<td></td>
<td>1</td>
<td>com.qa.testcases.MainPageTest@158a8276</td></tr>
<tr>
<td title='com.qa.testcases.NewTest.f()'><b>f</b><br>Test class: com.qa.testcases.NewTest</td>
<td></td>
<td>0</td>
<td>com.qa.testcases.NewTest@17f7cd29</td></tr>
</table><p>
<table width='100%' border='1' class='invocation-skipped'>
<tr><td colspan='4' align='center'><b>SKIPPED TESTS</b></td></tr>
<tr><td><b>Test method</b></td>
<td width="30%"><b>Exception</b></td>
<td width="10%"><b>Time (seconds)</b></td>
<td><b>Instance</b></td>
</tr>
<tr>
<td title='com.qa.testcases.ContactsPageTest.ValidateNewContactTest()'><b>ValidateNewContactTest</b><br>Test class: com.qa.testcases.ContactsPageTest</td>
<td><div><pre>java.lang.RuntimeException: java.lang.NullPointerException
Caused by: java.lang.NullPointerException
	at com.qa.util.TestUtil.getTestData(TestUtil.java:44)
	at com.qa.testcases.ContactsPageTest.getCRMTestData(ContactsPageTest.java:52)
	... 22 more
... Removed 30 stack frames</pre></div><a href='#' onClick='toggleBox("stack-trace1439693138", this, "Click to show all stack frames", "Click to hide stack frames")'>Click to show all stack frames</a>
<div class='stack-trace' id='stack-trace1439693138'><pre>java.lang.RuntimeException: java.lang.NullPointerException
	at org.testng.internal.MethodInvocationHelper.invokeMethodNoCheckedException(MethodInvocationHelper.java:49)
	at org.testng.internal.MethodInvocationHelper.invokeDataProvider(MethodInvocationHelper.java:115)
	at org.testng.internal.Parameters.handleParameters(Parameters.java:509)
	at org.testng.internal.Invoker.handleParameters(Invoker.java:1308)
	at org.testng.internal.Invoker.createParameters(Invoker.java:1036)
	at org.testng.internal.Invoker.invokeTestMethods(Invoker.java:1126)
	at org.testng.internal.TestMethodWorker.invokeTestMethods(TestMethodWorker.java:126)
	at org.testng.internal.TestMethodWorker.run(TestMethodWorker.java:109)
	at org.testng.TestRunner.privateRun(TestRunner.java:744)
	at org.testng.TestRunner.run(TestRunner.java:602)
	at org.testng.SuiteRunner.runTest(SuiteRunner.java:380)
	at org.testng.SuiteRunner.runSequentially(SuiteRunner.java:375)
	at org.testng.SuiteRunner.privateRun(SuiteRunner.java:340)
	at org.testng.SuiteRunner.run(SuiteRunner.java:289)
	at org.testng.SuiteRunnerWorker.runSuite(SuiteRunnerWorker.java:52)
	at org.testng.SuiteRunnerWorker.run(SuiteRunnerWorker.java:86)
	at org.testng.TestNG.runSuitesSequentially(TestNG.java:1301)
	at org.testng.TestNG.runSuitesLocally(TestNG.java:1226)
	at org.testng.TestNG.runSuites(TestNG.java:1144)
	at org.testng.TestNG.run(TestNG.java:1115)
	at org.testng.remote.AbstractRemoteTestNG.run(AbstractRemoteTestNG.java:115)
	at org.testng.remote.RemoteTestNG.initAndRun(RemoteTestNG.java:251)
	at org.testng.remote.RemoteTestNG.main(RemoteTestNG.java:77)
Caused by: java.lang.NullPointerException
	at com.qa.util.TestUtil.getTestData(TestUtil.java:44)
	at com.qa.testcases.ContactsPageTest.getCRMTestData(ContactsPageTest.java:52)
	at java.base/jdk.internal.reflect.NativeMethodAccessorImpl.invoke0(Native Method)
	at java.base/jdk.internal.reflect.NativeMethodAccessorImpl.invoke(NativeMethodAccessorImpl.java:62)
	at java.base/jdk.internal.reflect.DelegatingMethodAccessorImpl.invoke(DelegatingMethodAccessorImpl.java:43)
	at java.base/java.lang.reflect.Method.invoke(Method.java:566)
	at org.testng.internal.MethodInvocationHelper.invokeMethod(MethodInvocationHelper.java:108)
	at org.testng.internal.MethodInvocationHelper.invokeMethod(MethodInvocationHelper.java:55)
	at org.testng.internal.MethodInvocationHelper.invokeMethodNoCheckedException(MethodInvocationHelper.java:45)
	... 22 more
</pre></div></td>
<td>0</td>
<td>com.qa.testcases.ContactsPageTest@7d8704ef</td></tr>
</table><p>
</body>
</html>